<?xml version="1.0" encoding="UTF-8"?>
<testng-results total="1" passed="1" failed="0" skipped="0">
  <reporter-output>
  </reporter-output>
  <suite started-at="2023-09-28T17:37:45Z" name="test.com.LoginTest" finished-at="2023-09-28T17:38:06Z" duration-ms="20879">
    <groups>
    </groups>
    <test started-at="2023-09-28T17:37:45Z" name="Command line test" finished-at="2023-09-28T17:38:06Z" duration-ms="20879">
      <class name="test.com.LoginTest">
        <test-method is-config="true" signature="setUpClass()[pri:0, instance:test.com.LoginTest@6b9651f3]" started-at="2023-09-28T12:37:45Z" name="setUpClass" finished-at="2023-09-28T12:37:47Z" duration-ms="1651" status="PASS">
          <reporter-output>
          </reporter-output>
        </test-method> <!-- setUpClass -->
        <test-method signature="executeLoginPageModule()[pri:0, instance:test.com.LoginTest@6b9651f3]" started-at="2023-09-28T12:37:47Z" name="executeLoginPageModule" finished-at="2023-09-28T12:38:06Z" duration-ms="19215" status="PASS">
          <reporter-output>
          </reporter-output>
        </test-method> <!-- executeLoginPageModule -->
        <test-method is-config="true" signature="setUpMethod()[pri:0, instance:test.com.LoginTest@6b9651f3]" started-at="2023-09-28T12:37:47Z" name="setUpMethod" finished-at="2023-09-28T12:37:47Z" duration-ms="0" status="PASS">
          <reporter-output>
          </reporter-output>
        </test-method> <!-- setUpMethod -->
        <test-method is-config="true" signature="tearDownClass()[pri:0, instance:test.com.LoginTest@6b9651f3]" started-at="2023-09-28T12:38:06Z" name="tearDownClass" finished-at="2023-09-28T12:38:06Z" duration-ms="0" status="PASS">
          <reporter-output>
          </reporter-output>
        </test-method> <!-- tearDownClass -->
        <test-method is-config="true" signature="tearDownMethod()[pri:0, instance:test.com.LoginTest@6b9651f3]" started-at="2023-09-28T12:38:06Z" name="tearDownMethod" finished-at="2023-09-28T12:38:06Z" duration-ms="0" status="PASS">
          <reporter-output>
          </reporter-output>
        </test-method> <!-- tearDownMethod -->
      </class> <!-- test.com.LoginTest -->
    </test> <!-- Command line test -->
  </suite> <!-- test.com.LoginTest -->
</testng-results>
